C51 COMPILER V9.00   ADC                                                                   08/28/2024 17:05:52 PAGE 1   


C51 COMPILER V9.00, COMPILATION OF MODULE ADC
OBJECT MODULE PLACED IN ..\hex\adc.obj
COMPILER INVOKED BY: C:\Keil _C51\C51\BIN\C51.EXE ..\user\adc.c LARGE BROWSE INCDIR(..\user;..\common;..\display) DEBUG 
                    -OBJECTEXTEND PRINT(.\LIST\adc.lst) OBJECT(..\hex\adc.obj)

line level    source

   1          #include "adc.h"
   2          
   3          const u16 TEMP_DATA[]={
   4                  54810, 51935, 49242, 46725, 44374, // -10 ~ -6   1
   5                  42180, 39939, 37899, 36023, 34284, // -5  ~ -1   2
   6                  32742, 31113, 29575, 28122, 26749, //  0  ~  4   3
   7                  25451, 24223, 23061, 21962, 20921, //  5  ~  9   4
   8                  19936, 19002, 18118, 17280, 16485, //  10 ~ 14   5
   9                  15731, 15016, 14337, 13693, 13081, //  15 ~ 19   6
  10                  12500, 11948, 11423, 10925, 10451, //  20 ~ 24   7
  11                  10000,  9570,  9162,  8773,  8403, //  25 ~ 29   8
  12                   8051,  7715,  7395,  7090,  6799, //  30 ~ 34   9
  13               6522,  6257,  6005,  5764,  5534, //  35 ~ 39   10
  14               5315,  5105,  4905,  4713,  4530, //  40 ~ 44   11
  15               4355,  4188,  4028,  3875,  3729, //  45 ~ 49   12
  16               3589,  3455,  3326,  3203,  3086, //  50 ~ 54   13
  17               2973,  2865,  2761,  2662,  2566, //  55 ~ 59   14
  18               2475,  2387,  2303,  2223,  2145, //  60 ~ 64   15
  19               2071,  1999,  1931,  1865,  1801, //  65 ~ 69   16
  20               1741,  1682,  1626,  1572,  1520, //  70 ~ 74   17
  21               1470,  1422,  1375,  1331,  1288, //  75 ~ 79   18
  22               1247,  1207,  1169,  1132,  1096, //  80 ~ 84   19
  23               1062,  1029,   997,   966,   937, //  85 ~ 89   20
  24                908,   881,   854,   828,   804, //  90 ~ 94   21
  25           };
  26          
  27          
  28          void ADC_Init(void)
  29          {
  30   1              ADCCFG = 0x2f;                              //设置ADC时钟为系统时钟/2/16/16 转换结果右对齐
  31   1              ADC_CONTR = 0x80;                           //使能ADC模块 打开ADC_POWER
  32   1      }
  33          
  34          unsigned char get_water_temp(void)
  35          {
  36   1              u8 temp,i;
  37   1              u32 buff,lg1,adc_val;
  38   1              ADC_CONTR |= 0x4C;                      //启动AD转换  ADC_START = 1
  39   1              _nop_();
  40   1              _nop_();
  41   1              while (!(ADC_CONTR & 0x20));            //查询ADC完成标志
  42   1              ADC_CONTR &= ~0x20;                     //清完成标志
  43   1              buff = (ADC_RES<<8)|ADC_RESL;                   //取转换结果
  44   1              adc_val = 5000*buff/1024;                               //计算出电压值
  45   1              
  46   1              if(adc_val > 4700){//开路
  47   2                      temp = 0xff;
  48   2                      goto over_water_temp;
  49   2              }else if(adc_val < 500){//短路
  50   2                      temp = 0xfe;
  51   2                      goto over_water_temp;
  52   2              }       
  53   1              
  54   1              buff = (5000 - adc_val)/10;                                     //电流流过10K电流
C51 COMPILER V9.00   ADC                                                                   08/28/2024 17:05:52 PAGE 2   

  55   1              lg1 = adc_val*1000;
  56   1              lg1 = lg1/buff;                                                                                 //电压除以电流等于电阻
  57   1              
  58   1              if(lg1>54810){ //小于-10度
  59   2                      temp = 0;
  60   2                      goto over_water_temp;
  61   2              }else if(lg1<804){ //大于94度
  62   2                      temp = 104;
  63   2                      goto over_water_temp;
  64   2              }
  65   1              
  66   1              for(i=0;i<104;i++){ //对比组织表
  67   2                      buff=(u32)TEMP_DATA[i];
  68   2                      if(lg1>=buff)
  69   2                      break;
  70   2              }
  71   1              temp = i;
  72   1              
  73   1              over_water_temp:
  74   1              _nop_();
  75   1              return temp;
  76   1      }
  77          
  78          
  79          


MODULE INFORMATION:   STATIC OVERLAYABLE
   CODE SIZE        =    420    ----
   CONSTANT SIZE    =   ----    ----
   XDATA SIZE       =    210      14
   PDATA SIZE       =   ----    ----
   DATA SIZE        =   ----    ----
   IDATA SIZE       =   ----    ----
   BIT SIZE         =   ----    ----
END OF MODULE INFORMATION.


C51 COMPILATION COMPLETE.  0 WARNING(S),  0 ERROR(S)
