C51 COMPILER V9.00   ADS7843                                                               08/28/2024 17:05:55 PAGE 1   


C51 COMPILER V9.00, COMPILATION OF MODULE ADS7843
OBJECT MODULE PLACED IN ..\hex\ads7843.obj
COMPILER INVOKED BY: C:\Keil _C51\C51\BIN\C51.EXE ..\common\ads7843.c LARGE BROWSE INCDIR(..\user;..\common;..\display) 
                    -DEBUG OBJECTEXTEND PRINT(.\LIST\ads7843.lst) OBJECT(..\hex\ads7843.obj)

line level    source

   1          #include "ads7843.h"
   2          
   3          void ADS7843_KEY(void) //扫描按键
   4          {
   5   1              if(KEY_YES==0xff)
   6   1              {
   7   2                ADS7843_X = KEY_XH;
   8   2                      ADS7843_X <<= 8;
   9   2                      ADS7843_X |= KEY_XL;
  10   2                      
  11   2                      ADS7843_Y = KEY_YH;
  12   2                      ADS7843_Y <<= 8;
  13   2                      ADS7843_Y |= KEY_YL;
  14   2              } 
  15   1      }
  16          /* 
  17          void KEY_ON_Wait(void) //等待有键按下
  18          {
  19            KEY_YES=0x00;
  20                  do{
  21                          delay_ms(100);
  22                          ADS7843_KEY(); //扫描按键
  23                          if(KEY_YES!=0x00)
  24                          {
  25                                  //XIANG1();
  26                                  KEY_YES=0x00;
  27                                  break;
  28              }
  29                  }while(1); //等待按键
  30          }
  31           
  32          void KEY_YEYNO(void) //等到按键放开
  33          {
  34                  do{
  35                          delay_ms(100);
  36                          if(KEY_YES==0x00)
  37                          goto over_KEY_YEYNO;
  38                  }while(1);
  39                  over_KEY_YEYNO:
  40                  _nop_();  
  41          }
  42           
  43          void KEY_YEYNO2(void) //等到按键放开
  44          {
  45                  uint8 loop;
  46                  loop=0xff;
  47                  do{
  48                    delay_ms(1);
  49                          if(KEY_YES==0x00)
  50                          loop=0x00;
  51                  }while(loop); 
  52          }
  53          */
  54          // 扫描一个界面所有按键像素返回按键值
C51 COMPILER V9.00   ADS7843                                                               08/28/2024 17:05:55 PAGE 2   

  55          u8 KEY_FANHUI(u8 GS,u16 *ZB_ADD)
  56          {
  57   1              uint8 key=0x00;
  58   1              uint8 loop;
  59   1              uint16  add;
  60   1              uint16  xl,yl,xh,yh;
  61   1              for(loop=0x00;loop<GS;loop++)
  62   1              {
  63   2                      add=loop*4;
  64   2                      xl=ZB_ADD[add];add++;
  65   2                      xh=ZB_ADD[add];add++;    
  66   2                yl=ZB_ADD[add];add++;  
  67   2                yh=ZB_ADD[add];
  68   2                if(ADS7843_X>=xl&&ADS7843_X<=xh)
  69   2                if(ADS7843_Y>=yl&&ADS7843_Y<=yh)
  70   2                {
  71   3                              key=loop;
  72   3                        key++;
  73   3                              break;
  74   3                      }
  75   2              }
  76   1              return key;
  77   1      }       


MODULE INFORMATION:   STATIC OVERLAYABLE
   CODE SIZE        =    328    ----
   CONSTANT SIZE    =   ----    ----
   XDATA SIZE       =   ----      11
   PDATA SIZE       =   ----    ----
   DATA SIZE        =   ----    ----
   IDATA SIZE       =   ----    ----
   BIT SIZE         =   ----    ----
END OF MODULE INFORMATION.


C51 COMPILATION COMPLETE.  0 WARNING(S),  0 ERROR(S)
