C51 COMPILER V9.00   CUT_DIODE_LASER_WORK                                                  08/12/2024 15:03:58 PAGE 1   


C51 COMPILER V9.00, COMPILATION OF MODULE CUT_DIODE_LASER_WORK
OBJECT MODULE PLACED IN ..\hex\cut_diode_laser_work.obj
COMPILER INVOKED BY: C:\Keil _C51\C51\BIN\C51.EXE ..\display\cut_diode_laser_work.c LARGE BROWSE INCDIR(..\user;..\commo
                    -n) DEBUG OBJECTEXTEND PRINT(.\LIST\cut_diode_laser_work.lst) OBJECT(..\hex\cut_diode_laser_work.obj)

line level    source

   1          #include "cut_tq_work.h"
*** WARNING C318 IN LINE 1 OF ..\display\cut_diode_laser_work.c: can't open file 'cut_tq_work.h'
   2          
   3          void cut_tq_work_wavelength(void)
   4          {
   5   1              switch(WAVELENGTH){
*** ERROR C202 IN LINE 5 OF ..\DISPLAY\CUT_DIODE_LASER_WORK.C: 'WAVELENGTH': undefined identifier
   6   2                      case 0: DIS_DEL_DIS(Pic_TQ_WORK_CUT1,1,1,458,459,104,121);break;
*** ERROR C202 IN LINE 6 OF ..\DISPLAY\CUT_DIODE_LASER_WORK.C: 'Pic_TQ_WORK_CUT1': undefined identifier
   7   2                      case 1: DIS_DEL_DIS(Pic_TQ_WORK_CUT1,460,1,917,459,104,121);break;
*** ERROR C202 IN LINE 7 OF ..\DISPLAY\CUT_DIODE_LASER_WORK.C: 'Pic_TQ_WORK_CUT1': undefined identifier
   8   2                      case 2: DIS_DEL_DIS(Pic_TQ_WORK_CUT1,919,1,1376,459,104,121);break;
*** ERROR C202 IN LINE 8 OF ..\DISPLAY\CUT_DIODE_LASER_WORK.C: 'Pic_TQ_WORK_CUT1': undefined identifier
   9   2                      case 3: DIS_DEL_DIS(Pic_TQ_WORK_CUT1,1378,1,1835,459,104,121);break;
*** ERROR C202 IN LINE 9 OF ..\DISPLAY\CUT_DIODE_LASER_WORK.C: 'Pic_TQ_WORK_CUT1': undefined identifier
  10   2                      case 4: DIS_DEL_DIS(Pic_TQ_WORK_CUT1,1,460,458,917,104,121);break;
*** ERROR C202 IN LINE 10 OF ..\DISPLAY\CUT_DIODE_LASER_WORK.C: 'Pic_TQ_WORK_CUT1': undefined identifier
  11   2              }
  12   1      }
  13          
  14          
  15          
  16          
  17          
  18          
  19          
  20          
  21          
  22          
  23          
  24          
  25           

C51 COMPILATION COMPLETE.  1 WARNING(S),  6 ERROR(S)
