C51 COMPILER V9.00   DELAY                                                                 08/14/2024 14:36:41 PAGE 1   


C51 COMPILER V9.00, COMPILATION OF MODULE DELAY
OBJECT MODULE PLACED IN ..\hex\delay.obj
COMPILER INVOKED BY: C:\Keil _C51\C51\BIN\C51.EXE ..\user\delay.c LARGE BROWSE INCDIR(..\user;..\common;..\display) DEBU
                    -G OBJECTEXTEND PRINT(.\LIST\delay.lst) OBJECT(..\hex\delay.obj)

line level    source

   1          /*#include "delay.h"
   2          
   3          void Delay100ms()               //@11.0592MHz
   4          {
   5                  unsigned char i, j, k;
   6          
   7                  _nop_();
   8                  _nop_();
   9                  i = 13;
  10                  j = 45;
  11                  k = 214;
  12                  do
  13                  {
  14                          do
  15                          {
  16                                  while (--k);
  17                          } while (--j);
  18                  } while (--i);
  19          }
  20          
  21          
  22          void Delay1us()         //@11.0592MHz
  23          {
  24                  unsigned char i;
  25          
  26                  _nop_();
  27                  _nop_();
  28                  i = 1;
  29                  while (--i);
  30          }
  31          */
  32          


MODULE INFORMATION:   STATIC OVERLAYABLE
   CODE SIZE        =   ----    ----
   CONSTANT SIZE    =   ----    ----
   XDATA SIZE       =   ----    ----
   PDATA SIZE       =   ----    ----
   DATA SIZE        =   ----    ----
   IDATA SIZE       =   ----    ----
   BIT SIZE         =   ----    ----
END OF MODULE INFORMATION.


C51 COMPILATION COMPLETE.  0 WARNING(S),  0 ERROR(S)
