C51 COMPILER V9.00   EEPROM_DATA                                                           08/28/2024 17:05:55 PAGE 1   


C51 COMPILER V9.00, COMPILATION OF MODULE EEPROM_DATA
OBJECT MODULE PLACED IN ..\hex\eeprom_data.obj
COMPILER INVOKED BY: C:\Keil _C51\C51\BIN\C51.EXE ..\common\eeprom_data.c LARGE BROWSE INCDIR(..\user;..\common;..\displ
                    -ay) DEBUG OBJECTEXTEND PRINT(.\LIST\eeprom_data.lst) OBJECT(..\hex\eeprom_data.obj)

line level    source

   1          #include "eeprom_data.h"
   2          
   3          void read_tq_total_time(void)
   4          {
   5   1              TQ_TOTAL_TIME = AT24CXX_ReadOneByte(ADH_TQ_TOTAL_TIME);
   6   1              TQ_TOTAL_TIME <<= 8;
   7   1              TQ_TOTAL_TIME |= AT24CXX_ReadOneByte(ADM_TQ_TOTAL_TIME);
   8   1              TQ_TOTAL_TIME <<= 8;
   9   1              TQ_TOTAL_TIME |= AT24CXX_ReadOneByte(ADL_TQ_TOTAL_TIME);
  10   1              if(TQ_TOTAL_TIME > 9999999){
  11   2                      TQ_TOTAL_TIME = 9999999;
  12   2                      write_tq_total_time();
  13   2              }       
  14   1      }
  15          
  16          void write_tq_total_time(void)
  17          {
  18   1              AT24CXX_WriteOneByte(ADH_TQ_TOTAL_TIME,TQ_TOTAL_TIME/65536);
  19   1          AT24CXX_WriteOneByte(ADM_TQ_TOTAL_TIME,TQ_TOTAL_TIME%65536/256);
  20   1              AT24CXX_WriteOneByte(ADL_TQ_TOTAL_TIME,TQ_TOTAL_TIME%256);
  21   1      }
  22          //----------------------------------------------------------------------------//
  23          void read_max_water_temp(void)
  24          {
  25   1              MAX_WATER_TEMP = AT24CXX_ReadOneByte(AD_MAX_WATER_TEMP);
  26   1              if(MAX_WATER_TEMP > 90){
  27   2                      MAX_WATER_TEMP = 50;
  28   2                      write_max_water_temp();
  29   2              }
  30   1      }
  31           
  32          void write_max_water_temp(void)
  33          {
  34   1              AT24CXX_WriteOneByte(AD_MAX_WATER_TEMP,MAX_WATER_TEMP);
  35   1      }
  36          //----------------------------------------------------------------------------//
  37          void read_tq_set_pwm(u8 num)
  38          {
  39   1              u8 ad;
  40   1              ad = 2*num + AD_START_TQ_SET_PWM;
  41   1              TQ_SET_PWM[num] = AT24CXX_ReadOneByte(ad);
  42   1              TQ_SET_PWM[num] <<= 8;
  43   1              TQ_SET_PWM[num] |= AT24CXX_ReadOneByte(ad + 1); 
  44   1      }
  45          
  46          void write_tq_set_pwm(u8 num)
  47          {
  48   1              u8 ad;
  49   1              ad = 2*num + AD_START_TQ_SET_PWM;
  50   1              AT24CXX_WriteOneByte(ad,TQ_SET_PWM[num]/256);
  51   1              AT24CXX_WriteOneByte(ad+1,TQ_SET_PWM[num]%256); 
  52   1      }
  53          
  54          void read_all_tq_set_pwm(void)
C51 COMPILER V9.00   EEPROM_DATA                                                           08/28/2024 17:05:55 PAGE 2   

  55          {
  56   1              u8 i;
  57   1              for(i=0;i<6;i++){
  58   2                      read_tq_set_pwm(i);
  59   2              }
  60   1              if(TQ_SET_PWM[0] >= TQ_SET_PWM[1] || TQ_SET_PWM[1] >= TQ_SET_PWM[2] || TQ_SET_PWM[2] >= TQ_SET_PWM[3] ||
  61   1                 TQ_SET_PWM[3] >= TQ_SET_PWM[4] || TQ_SET_PWM[4] >= TQ_SET_PWM[5] || TQ_SET_PWM[0] == 0 || 
  62   1                 TQ_SET_PWM[5] > MAX_PWM_VALUE || TQ_SET_PWM[0]%100 != 0 || TQ_SET_PWM[1]%100 != 0 || 
  63   1                 TQ_SET_PWM[2]%100 != 0 || TQ_SET_PWM[3]%100 != 0 || TQ_SET_PWM[4]%100 != 0 || TQ_SET_PWM[5]%100 != 0){
  64   2                      TQ_SET_PWM[0] = 1000;
  65   2                      TQ_SET_PWM[1] = 4000;
  66   2                      TQ_SET_PWM[2] = 7000;
  67   2                      TQ_SET_PWM[3] = 10000;
  68   2                      TQ_SET_PWM[4] = 13000;
  69   2                      TQ_SET_PWM[5] = 16000;
  70   2                      for(i=0;i<6;i++){
  71   3                              write_tq_set_pwm(i);
  72   3                      }
  73   2              }
  74   1      }
  75          //----------------------------------------------------------------------------//
  76          //void read_tq_set_time(void)
  77          //{
  78          //      TQ_SET_TIME = AT24CXX_ReadOneByte(AD_TQ_SET_TIME);
  79          //      if(TQ_SET_TIME > 50 || TQ_SET_TIME == 0){
  80          //              TQ_SET_TIME = 10;
  81          //              write_tq_set_time();
  82          //      }
  83          //}
  84          // 
  85          //void write_tq_set_time(void)
  86          //{
  87          //      AT24CXX_WriteOneByte(AD_TQ_SET_TIME,TQ_SET_TIME);
  88          //}
  89          //----------------------------------------------------------------------------//
  90          
  91          
  92          
  93          
  94          
  95          
  96          
  97          


MODULE INFORMATION:   STATIC OVERLAYABLE
   CODE SIZE        =    836    ----
   CONSTANT SIZE    =   ----    ----
   XDATA SIZE       =   ----       5
   PDATA SIZE       =   ----    ----
   DATA SIZE        =   ----    ----
   IDATA SIZE       =   ----    ----
   BIT SIZE         =   ----    ----
END OF MODULE INFORMATION.


C51 COMPILATION COMPLETE.  0 WARNING(S),  0 ERROR(S)
