C51 COMPILER V9.00   IO                                                                    08/14/2024 14:35:06 PAGE 1   


C51 COMPILER V9.00, COMPILATION OF MODULE IO
OBJECT MODULE PLACED IN ..\hex\IO.obj
COMPILER INVOKED BY: C:\Keil _C51\C51\BIN\C51.EXE ..\user\IO.c LARGE BROWSE INCDIR(..\user;..\common;..\display) DEBUG O
                    -BJECTEXTEND PRINT(.\LIST\IO.lst) OBJECT(..\hex\IO.obj)

line level    source

   1          /*#include "io.h"
   2          
   3          void IO_MODE_SET(void)
   4          {
   5              P0M0 = 0x00;                                //设置P0.0~P0.7为双向口模式
   6              P0M1 = 0x00;
   7              P1M0 = 0xff;                                //设置P1.0~P1.7为推挽输出模式
   8              P1M1 = 0x00;
   9              P2M0 = 0x00;                                //设置P2.0~P2.7为高阻输入模式
  10              P2M1 = 0xff;
  11              P3M0 = 0xff;                                //设置P3.0~P3.7为开漏模式
  12              P3M1 = 0xff;
  13          }
  14            */
  15          


MODULE INFORMATION:   STATIC OVERLAYABLE
   CODE SIZE        =   ----    ----
   CONSTANT SIZE    =   ----    ----
   XDATA SIZE       =   ----    ----
   PDATA SIZE       =   ----    ----
   DATA SIZE        =   ----    ----
   IDATA SIZE       =   ----    ----
   BIT SIZE         =   ----    ----
END OF MODULE INFORMATION.


C51 COMPILATION COMPLETE.  0 WARNING(S),  0 ERROR(S)
