C51 COMPILER V9.00   OTHER                                                                 08/28/2024 17:05:55 PAGE 1   


C51 COMPILER V9.00, COMPILATION OF MODULE OTHER
OBJECT MODULE PLACED IN ..\hex\other.obj
COMPILER INVOKED BY: C:\Keil _C51\C51\BIN\C51.EXE ..\common\other.c LARGE BROWSE INCDIR(..\user;..\common;..\display) DE
                    -BUG OBJECTEXTEND PRINT(.\LIST\other.lst) OBJECT(..\hex\other.obj)

line level    source

   1          #include "other.h"
   2          
   3          u8 check_waterway(void)
   4          {
   5   1              if(CHECK_WATERWAY == 1){
   6   2                      delay_ms(1);
   7   2                      if(CHECK_WATERWAY == 1){
   8   3                              return WATER_ERROR;
   9   3                      }       
  10   2              }
  11   1              return 0;
  12   1      }
  13          
  14          u16 count_tq_work_set_vol(void)
  15          {
  16   1              u32 temp,gear,pwm;
  17   1              gear = TQ_ENERGY_GEAR/50;//µµÎ»±äÎª1 - 20µµ
  18   1              if(gear == 1)pwm = TQ_SET_PWM[0];
  19   1              else{
  20   2                      temp = gear/4;
  21   2                      if(temp > 5)temp = 5;
  22   2                      if(temp == 0){
  23   3                              pwm = (TQ_SET_PWM[1] - TQ_SET_PWM[0])*(gear - 1)/(4-1) + TQ_SET_PWM[0];         
  24   3                      }else if(temp == 5){
  25   3                              pwm = TQ_SET_PWM[5];
  26   3                      }else{
  27   3                              pwm = (TQ_SET_PWM[temp+1] - TQ_SET_PWM[temp])*(gear%4)/4 + TQ_SET_PWM[temp];    
  28   3                      }               
  29   2              }
  30   1              return (u16)pwm;        
  31   1      }
  32          
  33          void count_tq_work_laser_level(void)
  34          {
  35   1              switch(TQ_LASER_LEVEL)
  36   1              {
  37   2                      case  0x00:laser_light_close_pwm();break;
  38   2                      case  0x01:laser_light_pwm(YAG_PWM_CYCLE,1720);break;
  39   2                      case  0x02:laser_light_pwm(YAG_PWM_CYCLE,2150);break;
  40   2                      case  0x03:laser_light_pwm(YAG_PWM_CYCLE,2580);break;
  41   2                      case  0x04:laser_light_pwm(YAG_PWM_CYCLE,3010);break;
  42   2                      case  0x05:laser_light_pwm(YAG_PWM_CYCLE,3440);break;
  43   2                      case  0x06:laser_light_pwm(YAG_PWM_CYCLE,3870);break;
  44   2                      case  0x07:laser_light_pwm(YAG_PWM_CYCLE,4300);break;
  45   2                      case  0x08:laser_light_pwm(YAG_PWM_CYCLE,4730);break;
  46   2                      case  0x09:laser_light_pwm(YAG_PWM_CYCLE,5160);break;
  47   2              }
  48   1      
  49   1              // 7740 - 5V
  50   1              // 6880 - 4.36V
  51   1              // 6020 - 3.82V
  52   1              // 5160 - 3.27V
  53   1      }
  54          
C51 COMPILER V9.00   OTHER                                                                 08/28/2024 17:05:55 PAGE 2   

  55          
  56          
  57          
  58          


MODULE INFORMATION:   STATIC OVERLAYABLE
   CODE SIZE        =    590    ----
   CONSTANT SIZE    =   ----    ----
   XDATA SIZE       =   ----      12
   PDATA SIZE       =   ----    ----
   DATA SIZE        =   ----    ----
   IDATA SIZE       =   ----    ----
   BIT SIZE         =   ----    ----
END OF MODULE INFORMATION.


C51 COMPILATION COMPLETE.  0 WARNING(S),  0 ERROR(S)
