C51 COMPILER V9.00   PCA                                                                   08/14/2024 14:35:07 PAGE 1   


C51 COMPILER V9.00, COMPILATION OF MODULE PCA
OBJECT MODULE PLACED IN ..\hex\pca.obj
COMPILER INVOKED BY: C:\Keil _C51\C51\BIN\C51.EXE ..\user\pca.c LARGE BROWSE INCDIR(..\user;..\common;..\display) DEBUG 
                    -OBJECTEXTEND PRINT(.\LIST\pca.lst) OBJECT(..\hex\pca.obj)

line level    source

   1          ////测试工作频率为11.0592MHz
   2          //#include "pca.h"
   3          //
   4          //unsigned char cnt;                              //存储PCA计时溢出次数
   5          //unsigned long count0;                           //记录上一次的捕获值
   6          //unsigned long count1;                           //记录本次的捕获值
   7          //unsigned long length;                           //存储信号的时间长度
   8          //
   9          ///******************************************************************************/
  10          //// 函数名称：void PCA_INIT(void) 
  11          //// 输入参数： 
  12          //// 输出参数： 
  13          //// 函数功能：
  14          //// 备    注：测量脉冲的宽度   ，测量50HZ 25HZ 500HZ 123HZ 5KHZ还是很准确的
  15          ///******************************************************************************/
  16          ///*void PCA_INIT(void)
  17          //{
  18          //    cnt = 0;                                    //用户变量初始化
  19          //    count0 = 0;
  20          //    count1 = 0;
  21          //    length = 0;
  22          //    CCON = 0x00;                                                              //清PCA中断溢出标志位，停止计数，清模块中断溢出标志位
  23          //    CMOD = 0x09;                                //PCA时钟为系统时钟,使能PCA计时中断
  24          //    CL = 0x00;
  25          //    CH = 0x00;
  26          ////    CCAPM0 = 0x11;                              //PCA模块0为16位捕获模式（下降沿捕获）
  27          //    CCAPM0 = 0x21;                              //PCA模块0为16位捕获模式（上升沿捕获）
  28          ////    CCAPM0 = 0x31;                              //PCA模块0为16位捕获模式（上升沿下降沿捕获）
  29          //    CCAP0L = 0x00;
  30          //    CCAP0H = 0x00;
  31          //    CR = 1;                                     //启动PCA计时器
  32          //    EA = 1;
  33          //}*/
  34          ///*脉冲宽度的算法：
  35          //(65536*cnt+CCAP0H:CCAP0L)/11059200 = 脉冲宽度
  36          //*/
  37          ///*
  38          //void PCA_Isr() interrupt 7 using 1
  39          //{
  40          //    if (CF)                                                                           //PCA计数器溢出中断
  41          //    {
  42          //        CF = 0;
  43          //        cnt++;                                  //PCA计时溢出次数+1
  44          //    }
  45          //    if (CCF0)                                                                 //PCA模块溢出中断
  46          //    {
  47          //        CCF0 = 0;
  48          //        count0 = count1;                        //备份上一次的捕获值
  49          //        ((unsigned char *)&count1)[3] = CCAP0L;
  50          //        ((unsigned char *)&count1)[2] = CCAP0H;
  51          //        ((unsigned char *)&count1)[1] = cnt;
  52          //        ((unsigned char *)&count1)[0] = 0;
  53          //        length = count1 - count0;              //length保存的即为捕获的脉冲宽度
  54          //    }
C51 COMPILER V9.00   PCA                                                                   08/14/2024 14:35:07 PAGE 2   

  55          //}
  56          //*/
  57          //


MODULE INFORMATION:   STATIC OVERLAYABLE
   CODE SIZE        =   ----    ----
   CONSTANT SIZE    =   ----    ----
   XDATA SIZE       =   ----    ----
   PDATA SIZE       =   ----    ----
   DATA SIZE        =   ----    ----
   IDATA SIZE       =   ----    ----
   BIT SIZE         =   ----    ----
END OF MODULE INFORMATION.


C51 COMPILATION COMPLETE.  0 WARNING(S),  0 ERROR(S)
