C51 COMPILER V9.00   PWM                                                                   08/28/2024 17:05:53 PAGE 1   


C51 COMPILER V9.00, COMPILATION OF MODULE PWM
OBJECT MODULE PLACED IN ..\hex\pwm.obj
COMPILER INVOKED BY: C:\Keil _C51\C51\BIN\C51.EXE ..\user\pwm.c LARGE BROWSE INCDIR(..\user;..\common;..\display) DEBUG 
                    -OBJECTEXTEND PRINT(.\LIST\pwm.lst) OBJECT(..\hex\pwm.obj)

line level    source

   1          #include "pwm.h"
   2          
   3          void yag_voltage_pwm(u16 dat,u16 val)//P0.6
   4          {
   5   1              PWMCFG45 = 0x00;        //启动PWM0模块
   6   1              PWMSET |= 0x10;         //使能PWM0模块
   7   1              P_SW2 = 0x80;
   8   1              
   9   1              PWM4CKS = 0x00;         //PWM0时钟为系统时钟
  10   1              
  11   1              PWM4CH = (FOSC/dat)>>8;         //设置PWM0周期为 FOSC/dat 个PWM时钟
  12   1              PWM4CL = FOSC/dat;                      //如dat等于2000，则FOSC/2000 = 5529 = 1599H
  13   1              
  14   1              PWM46T1H = val >> 8;;           //在计数值为T1值的地方PWM00通道输出低电平
  15   1              PWM46T1L = val;
  16   1      
  17   1              PWM46T2H = 0x00;        //在计数值为T2值的地方PWM00通道输出高电平
  18   1              PWM46T2L = 0x00;
  19   1      
  20   1              PWM46CR = 0x80;                 //使能PWM00输出
  21   1              P_SW2 = 0x00;                   
  22   1              PWMCFG45 = 0x01;                //启动PWM0模块
  23   1      }
  24          //PWM输出频率 = 11059200/PWM0C
  25          /*
  26          void open_pwm(void)
  27          {
  28                  PWMCFG01 = 0x01;                //使能PWM0模块
  29          }
  30          */
  31          void yag_close_pwm(void)
  32          {
  33   1              PWMCFG45 = 0x00;
  34   1              P46 = 0;
  35   1      }
  36          //------------------------------------------------------//
  37          void laser_light_pwm(u16 dat,u16 val)//P0.6
  38          {
  39   1              PWMCFG01 = 0x00;        //启动PWM0模块
  40   1              PWMSET |= 0x01;         //使能PWM0-0x01  PWM1-0x02  PWM3-0x04  PWM4-0x08  PWM5-0x10
  41   1              P_SW2 = 0x80;
  42   1              
  43   1              PWM0CKS = 0x00;         //PWM0时钟为系统时钟
  44   1              
  45   1              PWM0CH = (FOSC/dat)>>8;         //设置PWM0周期为 FOSC/dat 个PWM时钟
  46   1              PWM0CL = FOSC/dat;                      //如dat等于2000，则FOSC/2000 = 5529 = 1599H
  47   1              
  48   1              PWM06T1H = 0x00;                //在计数值为T1值的地方PWM00通道输出低电平
  49   1              PWM06T1L = 0x00;
  50   1      
  51   1              PWM06T2H = val >> 8;    //在计数值为T2值的地方PWM00通道输出高电平
  52   1              PWM06T2L = val;
  53   1      
  54   1              PWM06CR = 0x80;                 //使能PWM00输出
C51 COMPILER V9.00   PWM                                                                   08/28/2024 17:05:53 PAGE 2   

  55   1              P_SW2 = 0x00;                   
  56   1              PWMCFG01 = 0x01;                //启动PWM0模块
  57   1      }
  58          //PWM输出频率 = 11059200/PWM0C
  59          /*
  60          void open_pwm(void)
  61          {
  62                  PWMCFG01 = 0x01;                //使能PWM0模块
  63          }
  64          */
  65          void laser_light_close_pwm(void)
  66          {
  67   1              PWMCFG01 = 0x00;
  68   1              P06 = 1;
  69   1      }
  70          
  71          
  72          


MODULE INFORMATION:   STATIC OVERLAYABLE
   CODE SIZE        =    254    ----
   CONSTANT SIZE    =   ----    ----
   XDATA SIZE       =   ----       8
   PDATA SIZE       =   ----    ----
   DATA SIZE        =   ----    ----
   IDATA SIZE       =   ----    ----
   BIT SIZE         =   ----    ----
END OF MODULE INFORMATION.


C51 COMPILATION COMPLETE.  0 WARNING(S),  0 ERROR(S)
