C51 COMPILER V9.00   STC8AID                                                               08/28/2024 17:05:53 PAGE 1   


C51 COMPILER V9.00, COMPILATION OF MODULE STC8AID
OBJECT MODULE PLACED IN ..\hex\stc8aid.obj
COMPILER INVOKED BY: C:\Keil _C51\C51\BIN\C51.EXE ..\user\stc8aid.c LARGE BROWSE INCDIR(..\user;..\common;..\display) DE
                    -BUG OBJECTEXTEND PRINT(.\LIST\stc8aid.lst) OBJECT(..\hex\stc8aid.obj)

line level    source

   1          
   2          #include "STC8AID.h"
   3          
   4          char    *ID;
   5          
   6          /******************************************************************************/
   7          // 函数名称：void Read_ID(void)
   8          // 输入参数： 
   9          // 输出参数：
  10          // 函数功能：读出芯片全球唯一的ID，在ROM的存放地址为0XFDF9H--- 0xFDFFH 
  11          /******************************************************************************/
  12          /*void Read_ID_fromROM(void)
  13          {
  14                  char i;
  15          
  16                  ID = (char code *)0xfdf9;       // STC8A8K64S4A10
  17          //      ID = (char code *)0xeff9;       // STC8A8K60S4A10
  18          //      ID = (char code *)0x7ff9;       // STC8A8K32S4A10
  19          //      ID = (char code *)0x3ff9;       // STC8A8K16S4A10
  20          
  21                  for (i=0; i<7; i++)
  22                  {
  23                          UartSend(ID[i]);
  24                  }
  25          }
  26          */
  27          /******************************************************************************/
  28          // 函数名称：void Read_ID(void)
  29          // 输入参数： 
  30          // 输出参数：
  31          // 函数功能：读出芯片全球唯一的ID，在ROM的存放地址为0XF1-0XF7
  32          /******************************************************************************/
  33          /*void Read_ID_fromRAM(void)
  34          {
  35                  uint8 i;
  36          
  37                  ID = (char idata *)0xf1;
  38          
  39                  for (i=0; i<7; i++)
  40                  {
  41                          UartSend(ID[i]);
  42                  }
  43          }
  44          */
  45          
  46          
  47          


MODULE INFORMATION:   STATIC OVERLAYABLE
   CODE SIZE        =   ----    ----
   CONSTANT SIZE    =   ----    ----
   XDATA SIZE       =      3    ----
   PDATA SIZE       =   ----    ----
C51 COMPILER V9.00   STC8AID                                                               08/28/2024 17:05:53 PAGE 2   

   DATA SIZE        =   ----    ----
   IDATA SIZE       =   ----    ----
   BIT SIZE         =   ----    ----
END OF MODULE INFORMATION.


C51 COMPILATION COMPLETE.  0 WARNING(S),  0 ERROR(S)
