C51 COMPILER V9.00   XS_BASIC_SETTING                                                      08/28/2024 17:05:54 PAGE 1   


C51 COMPILER V9.00, COMPILATION OF MODULE XS_BASIC_SETTING
OBJECT MODULE PLACED IN ..\hex\XS_basic_setting.obj
COMPILER INVOKED BY: C:\Keil _C51\C51\BIN\C51.EXE ..\main\XS_basic_setting.c LARGE BROWSE INCDIR(..\user;..\common;..\di
                    -splay) DEBUG OBJECTEXTEND PRINT(.\LIST\XS_basic_setting.lst) OBJECT(..\hex\XS_basic_setting.obj)

line level    source

   1          /*#include "config.h"
   2          
   3          const u8  MAIN_KEY_BASIC_SETTING = 4;
   4          const u16 MAIN_BASIC_SETTING[]=
   5          {
   6                  171,300,663,822,
   7                  789,958,663,822,
   8                  918,1061,5,113,
   9                   53, 173,5,113,
  10          };
  11           
  12          void main_xs_basic_setting(void)
  13          {
  14                  u8 key;
  15                  DIS_PICNUM(Pic_BASIC_SETTING);
  16                  //DIS_FONT_WEI_NUMBER_CM(0,1,0xff,0xff,0x03,LANGUAGE,7,0,0);
  17                  do{
  18                          delay_ms(1);
  19                          if(KEY_YES!=0x00)
  20                          {
  21                                  ADS7843_KEY(); //扫描按键
  22                                  key=KEY_FANHUI(MAIN_KEY_BASIC_SETTING,MAIN_BASIC_SETTING); 
  23                                  switch(key)
  24                                  {
  25                                          case 1:  //
  26                                                  DIS_DEL_DIS(Pic_BASIC_SETTING_DOWN,171,663,300,822,171,663);
  27                                                  XIANG1();
  28                                                  if(LANGUAGE > 0)LANGUAGE--;
  29                                                  else{LANGUAGE = 1;}
  30                                                  write_language();
  31                                                  goto over_main_xs_basic_setting;
  32                                                  break;
  33                                          case 2:  //
  34                                                  DIS_DEL_DIS(Pic_BASIC_SETTING_DOWN,789,663,958,822,789,663);
  35                                                  XIANG1();
  36                                            if(LANGUAGE < 1)LANGUAGE++;
  37                                                  else{LANGUAGE = 0;}
  38                                                  write_language();
  39                                                  goto over_main_xs_basic_setting;
  40                                                  break;
  41                                          case 3:  //
  42                                                  DIS_DEL_DIS(Pic_BASIC_SETTING_DOWN,918,5,1061,113,918,5);
  43                                            XIANG1();
  44                                            INTERFACE = PAGE_ADVANCED_SETTINGS;
  45                                                  goto over_main_xs_basic_setting;
  46                                                  break;
  47                                          case 4:
  48                                                  DIS_DEL_DIS(Pic_BASIC_SETTING_DOWN,53,5,173,113,53,5);
  49                                                  XIANG1();
  50                                            INTERFACE = PAGE_CHOOSE;
  51                                                  goto over_main_xs_basic_setting;
  52                                                  break;
  53                                  }
  54                                  KEY_YES = 0;
C51 COMPILER V9.00   XS_BASIC_SETTING                                                      08/28/2024 17:05:54 PAGE 2   

  55                          }
  56                          
  57                          WATER_TEMP = Get_ADC_RES_WATER_TEMP();//获取水温度
  58                          if(WATER_TEMP != 255)
  59                          {
  60                                  if(WATER_TEMP >= WATER_COLD_UPPER_LIMITS)COLD_WATER_ON; //温度高了打开制冷
  61                                  if(WATER_TEMP <= WATER_COLD_LOWER_LIMITS)COLD_WATER_OFF;//温度低了关闭制冷
  62                          }else{COLD_WATER_OFF;}
  63                          
  64                          if(HANDLE_PROBE_TEMP != 255)//手柄温度
  65                          {
  66                                  if(HANDLE_PROBE_TEMP >= HANDLE_PROBE_COLD_UPPER_LIMITS)COLD_HANDLE_PROBE_ON;    //温度高了打开制冷
  67                                  if(HANDLE_PROBE_TEMP <= HANDLE_PROBE_COLD_LOWER_LIMITS)COLD_HANDLE_PROBE_OFF;//温度低了关闭制冷
  68                          }else{COLD_HANDLE_PROBE_OFF;}
  69                          
  70                  }while(1);
  71                  over_main_xs_basic_setting:
  72                  _nop_();
  73          }
  74          */
  75           
  76           
  77           
  78           
  79           
  80           
  81           
  82           
  83           
  84           
  85           
  86           


MODULE INFORMATION:   STATIC OVERLAYABLE
   CODE SIZE        =   ----    ----
   CONSTANT SIZE    =   ----    ----
   XDATA SIZE       =   ----    ----
   PDATA SIZE       =   ----    ----
   DATA SIZE        =   ----    ----
   IDATA SIZE       =   ----    ----
   BIT SIZE         =   ----    ----
END OF MODULE INFORMATION.


C51 COMPILATION COMPLETE.  0 WARNING(S),  0 ERROR(S)
