C51 COMPILER V9.00   XS_HANDLE_SETTING                                                     08/14/2024 14:33:03 PAGE 1   


C51 COMPILER V9.00, COMPILATION OF MODULE XS_HANDLE_SETTING
OBJECT MODULE PLACED IN ..\hex\XS_handle_setting.obj
COMPILER INVOKED BY: C:\Keil _C51\C51\BIN\C51.EXE ..\main\XS_handle_setting.c LARGE BROWSE INCDIR(..\user;..\common;..\d
                    -isplay) DEBUG OBJECTEXTEND PRINT(.\LIST\XS_handle_setting.lst) OBJECT(..\hex\XS_handle_setting.obj)

line level    source

   1          //#include "config.h"
   2          //
   3          //const u8  MAIN_KEY_HANDLE_SETTING = 25;
   4          //const u16 MAIN_HANDLE_SETTING[]=
   5          //{
   6          //      440,958,160,246,         //六个选项
   7          //      440,958,250,335,
   8          //      440,958,339,424,
   9          //      440,958,429,514,
  10          //      440,958,518,603,
  11          //      440,958,608,693,
  12          //
  13          //      0, 130,  0, 130,                 //返回和重置
  14          //      1775,1915,0,125,
  15          //      
  16          //      1143,1245,229,286,         //手柄温度报警
  17          //
  18          //      1066, 1126,341, 401,
  19          //      1262, 1322,341, 401,
  20          //
  21          //      1066, 1126,451, 512,
  22          //      1262, 1322,451, 512,
  23          //
  24          //      1066, 1126,562, 623,    //1
  25          //      1262, 1322,562, 623,
  26          //
  27          //      1066, 1126,673,733,     //1
  28          //      1262, 1322,673,733,
  29          //
  30          //      1531, 1591,341, 401,
  31          //      1727, 1781,341, 401,
  32          //
  33          //      1531, 1591,451, 512,
  34          //      1727, 1781,451, 512,
  35          //
  36          //      1531, 1591,562, 623,
  37          //      1727, 1781,562, 623,
  38          //
  39          //      1531, 1591,673,733,
  40          //      1727, 1781,673,733,
  41          //};
  42          //
  43          //void main_xs_handle_setting(void)
  44          //{
  45          //      u8 key;
  46          //      DIS_PICNUM(Pic_HANDLE_SETTING);
  47          //      
  48          //      dis_handle_probe_warning_flag();
  49          //      dis_handle_probe_warning_upper_limits();
  50          //      dis_handle_probe_warning_lower_limits();
  51          //      dis_handle_probe_cold_upper_limits(0);
  52          //      dis_handle_probe_cold_lower_limits(0);
  53          //      dis_handle_probe_cold_upper_limits(1);
  54          //      dis_handle_probe_cold_lower_limits(1);
C51 COMPILER V9.00   XS_HANDLE_SETTING                                                     08/14/2024 14:33:03 PAGE 2   

  55          //      dis_handle_probe_cold_upper_limits(2);
  56          //      dis_handle_probe_cold_lower_limits(2);
  57          //      do{
  58          //              delay_ms(1);
  59          //              if(KEY_YES!=0x00)
  60          //              {
  61          //                      ADS7843_KEY(); //扫描按键
  62          //                      key=KEY_FANHUI(MAIN_KEY_HANDLE_SETTING,MAIN_HANDLE_SETTING); 
  63          //                      switch(key)
  64          //                      {
  65          //                              case 1:  //
  66          //                                      XIANG1();
  67          //                                INTERFACE = PAGE_LOGO_FLAG;
  68          //                                      goto over_main_xs_handle_setting;
  69          //                                      break;
  70          //                              case 2:  //
  71          //                                      XIANG1();
  72          //                                INTERFACE = PAGE_WATER_SETTING;
  73          //                                      goto over_main_xs_handle_setting;
  74          //                                      break;
  75          //                              case 3:  //
  76          //                                      //XIANG1();
  77          //                                //INTERFACE = PAGE_HANDLE_SETTING;
  78          //                                      //goto over_main_xs_handle_setting;
  79          //                                      break;
  80          //                              case 4:  //
  81          //                                      XIANG1();
  82          //                                INTERFACE = PAGE_FLOW_SETTING;
  83          //                                      goto over_main_xs_handle_setting;
  84          //                                      break; 
  85          //                              case 5:  //
  86          //                                      XIANG1();
  87          //                                INTERFACE = PAGE_TOTAL_TIME_SETTING;
  88          //                                      goto over_main_xs_handle_setting;
  89          //                                      break;
  90          //                              case 6:  //
  91          //                                      XIANG1();
  92          //                                INTERFACE = PAGE_SOUND_SETTING;
  93          //                                      goto over_main_xs_handle_setting;
  94          //                                      break;
  95          //                              case 7:  //
  96          //                                      XIANG1();
  97          //                                INTERFACE = PAGE_CHOOSE_MODE;
  98          //                                      goto over_main_xs_handle_setting;
  99          //                                      break;
 100          //                              case 8:  //
 101          //                                      if(HANDLE_PROBE_WARNING_FLAG != 0 || HANDLE_PROBE_WARNING_UPPER_LIMITS != 40 || HANDLE_PROBE_WARNIN
             -G_LOWER_LIMITS != 0 || 
 102          //                                         HANDLE_PROBE_COLD_UPPER_LIMITS[0] != 12 || HANDLE_PROBE_COLD_LOWER_LIMITS[0] != 10 || 
 103          //                                         HANDLE_PROBE_COLD_UPPER_LIMITS[1] != 7 || HANDLE_PROBE_COLD_LOWER_LIMITS[1] != 5 || 
 104          //                                         HANDLE_PROBE_COLD_UPPER_LIMITS[2] != 2 || HANDLE_PROBE_COLD_LOWER_LIMITS[2] != 0)
 105          //                                      {
 106          //                                              XIANG1();
 107          //                                              HANDLE_PROBE_WARNING_FLAG = 0;
 108          //                                              write_handle_probe_warning_flag();
 109          //                                              HANDLE_PROBE_WARNING_UPPER_LIMITS = 40; //-10
 110          //                                              HANDLE_PROBE_WARNING_LOWER_LIMITS = 0; //-10
 111          //                                              write_handle_probe_warning_upper_limits();
 112          //                                              write_handle_probe_warning_lower_limits();
 113          //                                              HANDLE_PROBE_COLD_UPPER_LIMITS[0] = 12; //12
 114          //                                              HANDLE_PROBE_COLD_LOWER_LIMITS[0] = 10; //10
 115          //                                              write_handle_probe_cold_upper_limits0();
C51 COMPILER V9.00   XS_HANDLE_SETTING                                                     08/14/2024 14:33:03 PAGE 3   

 116          //                                              write_handle_probe_cold_lower_limits0();
 117          //
 118          //                                              HANDLE_PROBE_COLD_UPPER_LIMITS[1] = 7; //7
 119          //                                              HANDLE_PROBE_COLD_LOWER_LIMITS[1] = 5; //5
 120          //                                              write_handle_probe_cold_upper_limits1();
 121          //                                              write_handle_probe_cold_lower_limits1();
 122          //
 123          //                                              HANDLE_PROBE_COLD_UPPER_LIMITS[2] = 2; //2
 124          //                                              HANDLE_PROBE_COLD_LOWER_LIMITS[2] = 0; //0
 125          //                                              write_handle_probe_cold_upper_limits2();
 126          //                                              write_handle_probe_cold_lower_limits2();
 127          //
 128          //                                              goto over_main_xs_handle_setting;
 129          //                                      }else{KEY_YES = 0;}
 130          //                                      break;
 131          //                              case 9:  //
 132          //                                      XIANG1();
 133          //                                      if(HANDLE_PROBE_WARNING_FLAG == 0)HANDLE_PROBE_WARNING_FLAG = 1;
 134          //                                      else{HANDLE_PROBE_WARNING_FLAG = 0;}
 135          //                                      write_handle_probe_warning_flag();
 136          //                                      dis_handle_probe_warning_flag();
 137          //                                      KEY_YES = 0;
 138          //                                      break;
 139          //                                      
 140          //                              case 10:  //--
 141          //                                      if(HANDLE_PROBE_WARNING_UPPER_LIMITS > HANDLE_PROBE_WARNING_LOWER_LIMITS)
 142          //                                      {
 143          //                                              XIANG1();
 144          //                                              HANDLE_PROBE_WARNING_UPPER_LIMITS--;
 145          //                                              write_handle_probe_warning_upper_limits();
 146          //                                              dis_handle_probe_warning_upper_limits();
 147          //                                              delay_ms(80);
 148          //                                      }else{KEY_YES = 0;}
 149          //                                      break;
 150          //                              case 11:  //++
 151          //                                      if(HANDLE_PROBE_WARNING_UPPER_LIMITS < 100)
 152          //                                      {
 153          //                                              XIANG1();
 154          //                                              HANDLE_PROBE_WARNING_UPPER_LIMITS++;
 155          //                                              write_handle_probe_warning_upper_limits();
 156          //                                              dis_handle_probe_warning_upper_limits();
 157          //                                              delay_ms(80);
 158          //                                      }else{KEY_YES = 0;}
 159          //                                      break;
 160          //                                      
 161          //                              case 12:  //--
 162          //                                      if(HANDLE_PROBE_WARNING_LOWER_LIMITS > 0)
 163          //                                      {
 164          //                                              XIANG1();
 165          //                                              HANDLE_PROBE_WARNING_LOWER_LIMITS--;
 166          //                                              write_handle_probe_warning_lower_limits();
 167          //                                              dis_handle_probe_warning_lower_limits();
 168          //                                              delay_ms(80);
 169          //                                      }else{KEY_YES = 0;}
 170          //                                      break;
 171          //                              case 13:  //++
 172          //                                      if(HANDLE_PROBE_WARNING_LOWER_LIMITS < HANDLE_PROBE_WARNING_UPPER_LIMITS)
 173          //                                      {
 174          //                                              XIANG1();
 175          //                                              HANDLE_PROBE_WARNING_LOWER_LIMITS++;
 176          //                                              write_handle_probe_warning_lower_limits();
 177          //                                              dis_handle_probe_warning_lower_limits();
C51 COMPILER V9.00   XS_HANDLE_SETTING                                                     08/14/2024 14:33:03 PAGE 4   

 178          //                                              delay_ms(80);
 179          //                                      }else{KEY_YES = 0;}
 180          //                                      break;
 181          //                              //------------------------------------------------------------------------//    
 182          //                              case 14:  //--
 183          //                                      if(HANDLE_PROBE_COLD_UPPER_LIMITS[0] > HANDLE_PROBE_COLD_LOWER_LIMITS[0])
 184          //                                      {
 185          //                                              XIANG1();
 186          //                                              HANDLE_PROBE_COLD_UPPER_LIMITS[0]--;
 187          //                                              write_handle_probe_cold_upper_limits0();
 188          //                                              dis_handle_probe_cold_upper_limits(0);
 189          //                                              delay_ms(80);
 190          //                                      }else{KEY_YES = 0;}
 191          //                                      break;
 192          //                              case 15:  //++
 193          //                                      if(HANDLE_PROBE_COLD_UPPER_LIMITS[0] < 100)
 194          //                                      {
 195          //                                              XIANG1();
 196          //                                              HANDLE_PROBE_COLD_UPPER_LIMITS[0]++;
 197          //                                              write_handle_probe_cold_upper_limits0();
 198          //                                              dis_handle_probe_cold_upper_limits(0);
 199          //                                              delay_ms(80);
 200          //                                      }else{KEY_YES = 0;}
 201          //                                      break;
 202          //                              case 16:  //--
 203          //                                      if(HANDLE_PROBE_COLD_LOWER_LIMITS[0] > 0)
 204          //                                      {
 205          //                                              XIANG1();
 206          //                                              HANDLE_PROBE_COLD_LOWER_LIMITS[0]--;
 207          //                                              write_handle_probe_cold_lower_limits0();
 208          //                                              dis_handle_probe_cold_lower_limits(0);
 209          //                                              delay_ms(80);
 210          //                                      }else{KEY_YES = 0;}
 211          //                                      break;
 212          //                              case 17:  //++
 213          //                                      if(HANDLE_PROBE_COLD_LOWER_LIMITS[0] < HANDLE_PROBE_COLD_UPPER_LIMITS[0])
 214          //                                      {
 215          //                                              XIANG1();
 216          //                                              HANDLE_PROBE_COLD_LOWER_LIMITS[0]++;
 217          //                                              write_handle_probe_cold_lower_limits0();
 218          //                                              dis_handle_probe_cold_lower_limits(0);
 219          //                                              delay_ms(80);
 220          //                                      }else{KEY_YES = 0;}
 221          //                                      break;
 222          //                              //------------------------------------------------------------------------//    
 223          //                              case 18:  //--
 224          //                                      if(HANDLE_PROBE_COLD_UPPER_LIMITS[1] > HANDLE_PROBE_COLD_LOWER_LIMITS[1])
 225          //                                      {
 226          //                                              XIANG1();
 227          //                                              HANDLE_PROBE_COLD_UPPER_LIMITS[1]--;
 228          //                                              write_handle_probe_cold_upper_limits1();
 229          //                                              dis_handle_probe_cold_upper_limits(1);
 230          //                                              delay_ms(80);
 231          //                                      }else{KEY_YES = 0;}
 232          //                                      break;
 233          //                              case 19:  //++
 234          //                                      if(HANDLE_PROBE_COLD_UPPER_LIMITS[1] < 100)
 235          //                                      {
 236          //                                              XIANG1();
 237          //                                              HANDLE_PROBE_COLD_UPPER_LIMITS[1]++;
 238          //                                              write_handle_probe_cold_upper_limits1();
 239          //                                              dis_handle_probe_cold_upper_limits(1);
C51 COMPILER V9.00   XS_HANDLE_SETTING                                                     08/14/2024 14:33:03 PAGE 5   

 240          //                                              delay_ms(80);
 241          //                                      }else{KEY_YES = 0;}
 242          //                                      break;
 243          //                              case 20:  //--
 244          //                                      if(HANDLE_PROBE_COLD_LOWER_LIMITS[1] > 0)
 245          //                                      {
 246          //                                              XIANG1();
 247          //                                              HANDLE_PROBE_COLD_LOWER_LIMITS[1]--;
 248          //                                              write_handle_probe_cold_lower_limits1();
 249          //                                              dis_handle_probe_cold_lower_limits(1);
 250          //                                              delay_ms(80);
 251          //                                      }else{KEY_YES = 0;}
 252          //                                      break;
 253          //                              case 21:  //++
 254          //                                      if(HANDLE_PROBE_COLD_LOWER_LIMITS[1] < HANDLE_PROBE_COLD_UPPER_LIMITS[1])
 255          //                                      {
 256          //                                              XIANG1();
 257          //                                              HANDLE_PROBE_COLD_LOWER_LIMITS[1]++;
 258          //                                              write_handle_probe_cold_lower_limits1();
 259          //                                              dis_handle_probe_cold_lower_limits(1);
 260          //                                              delay_ms(80);
 261          //                                      }else{KEY_YES = 0;}
 262          //                                      break;
 263          //                              //------------------------------------------------------------------------//    
 264          //                              case 22:  //--
 265          //                                      if(HANDLE_PROBE_COLD_UPPER_LIMITS[2] > HANDLE_PROBE_COLD_LOWER_LIMITS[2])
 266          //                                      {
 267          //                                              XIANG1();
 268          //                                              HANDLE_PROBE_COLD_UPPER_LIMITS[2]--;
 269          //                                              write_handle_probe_cold_upper_limits2();
 270          //                                              dis_handle_probe_cold_upper_limits(2);
 271          //                                              delay_ms(80);
 272          //                                      }else{KEY_YES = 0;}
 273          //                                      break;
 274          //                              case 23:  //++
 275          //                                      if(HANDLE_PROBE_COLD_UPPER_LIMITS[2] < 100)
 276          //                                      {
 277          //                                              XIANG1();
 278          //                                              HANDLE_PROBE_COLD_UPPER_LIMITS[2]++;
 279          //                                              write_handle_probe_cold_upper_limits2();
 280          //                                              dis_handle_probe_cold_upper_limits(2);
 281          //                                              delay_ms(80);
 282          //                                      }else{KEY_YES = 0;}
 283          //                                      break;
 284          //                              case 24:  //--
 285          //                                      if(HANDLE_PROBE_COLD_LOWER_LIMITS[2] > 0)
 286          //                                      {
 287          //                                              XIANG1();
 288          //                                              HANDLE_PROBE_COLD_LOWER_LIMITS[2]--;
 289          //                                              write_handle_probe_cold_lower_limits2();
 290          //                                              dis_handle_probe_cold_lower_limits(2);
 291          //                                              delay_ms(80);
 292          //                                      }else{KEY_YES = 0;}
 293          //                                      break;
 294          //                              case 25:  //++
 295          //                                      if(HANDLE_PROBE_COLD_LOWER_LIMITS[2] < HANDLE_PROBE_COLD_UPPER_LIMITS[2])
 296          //                                      {
 297          //                                              XIANG1();
 298          //                                              HANDLE_PROBE_COLD_LOWER_LIMITS[2]++;
 299          //                                              write_handle_probe_cold_lower_limits2();
 300          //                                              dis_handle_probe_cold_lower_limits(2);
 301          //                                              delay_ms(80);
C51 COMPILER V9.00   XS_HANDLE_SETTING                                                     08/14/2024 14:33:03 PAGE 6   

 302          //                                      }else{KEY_YES = 0;}
 303          //                                      break;
 304          //                      }
 305          //              }
 306          //              
 307          //              WATER_TEMP = Get_ADC_RES_WATER_TEMP();//获取水温度
 308          //              if(WATER_TEMP != 255)
 309          //              {
 310          //                      if(WATER_TEMP >= WATER_COLD_UPPER_LIMITS)COLD_WATER_ON; //温度高了打开制冷
 311          //                      if(WATER_TEMP <= WATER_COLD_LOWER_LIMITS)COLD_WATER_OFF;//温度低了关闭制冷
 312          //              }else{COLD_WATER_OFF;}
 313          //              
 314          //              if(HANDLE_PROBE_TEMP != 255)//手柄温度
 315          //              {
 316          //                      if(HANDLE_PROBE_TEMP >= HANDLE_PROBE_COLD_UPPER_LIMITS[HANDLE_PROBE_COLE_GEAR])COLD_HANDLE_PROBE_ON;    
             -//温度高了打开制冷
 317          //                      if(HANDLE_PROBE_TEMP <= HANDLE_PROBE_COLD_LOWER_LIMITS[HANDLE_PROBE_COLE_GEAR])COLD_HANDLE_PROBE_OFF;
             -//温度低了关闭制冷
 318          //              }else{COLD_HANDLE_PROBE_OFF;}
 319          //              
 320          //      }while(1);
 321          //      over_main_xs_handle_setting:
 322          //      _nop_();
 323          //}
 324          //
 325          //void dis_handle_probe_warning_flag(void)
 326          //{
 327          //      u16 x,y;
 328          //      x = 1165;
 329          //      y = 240;
 330          //      DIS_DEL_DIS(Pic_HANDLE_SETTING,1143,229,1245,286,1143,229);
 331          //      if(HANDLE_PROBE_WARNING_FLAG == 0)DIS_FONT_C(0x5C,0xF4,2,0x04,x+10,y,"ON");
 332          //      else{DIS_FONT_C(0x5C,0xF4,3,0x04,x,y,"OFF");}
 333          //}
 334          //
 335          //void dis_handle_probe_warning_upper_limits(void)
 336          //{
 337          //      u16 x,y;
 338          //      u8 temp;
 339          //      x = 1153;
 340          //      y = 350;
 341          //      if(HANDLE_PROBE_WARNING_UPPER_LIMITS < 10)
 342          //      {
 343          //              temp = 10 - HANDLE_PROBE_WARNING_UPPER_LIMITS;
 344          //              DIS_FONT_C(0x5C,0xF4,1,0x04,x,y,"-");
 345          //      }
 346          //      else
 347          //      {
 348          //              temp = HANDLE_PROBE_WARNING_UPPER_LIMITS - 10;
 349          //              DIS_DEL_DIS(Pic_HANDLE_SETTING,x,y,x+20,y+40,x,y);
 350          //      }
 351          //      DIS_FONT_WEI_NUMBER_CM(Pic_HANDLE_SETTING,1,0x5C,0xF4,0x04,temp,2,x+20,y);
 352          //}
 353          //
 354          //void dis_handle_probe_warning_lower_limits(void)
 355          //{
 356          //      u16 x,y;
 357          //      u8 temp;
 358          //      x = 1153;
 359          //      y = 462;
 360          //      if(HANDLE_PROBE_WARNING_LOWER_LIMITS < 10)
 361          //      {
C51 COMPILER V9.00   XS_HANDLE_SETTING                                                     08/14/2024 14:33:03 PAGE 7   

 362          //              temp = 10 - HANDLE_PROBE_WARNING_LOWER_LIMITS;
 363          //              DIS_FONT_C(0x5C,0xF4,1,0x04,x,y,"-");
 364          //      }
 365          //      else
 366          //      {
 367          //              temp = HANDLE_PROBE_WARNING_LOWER_LIMITS - 10;
 368          //              DIS_DEL_DIS(Pic_HANDLE_SETTING,x,y,x+20,y+40,x,y);
 369          //      }
 370          //      DIS_FONT_WEI_NUMBER_CM(Pic_HANDLE_SETTING,1,0x5C,0xF4,0x04,temp,2,x+20,y);
 371          //}
 372          //
 373          //void dis_handle_probe_cold_upper_limits(u8 num)
 374          //{
 375          //      u16 x,y;
 376          //      u8 temp;
 377          ////    x = 770;
 378          ////    if(num == 0)y = 803;
 379          ////    else if(num == 1)y = 1080;
 380          ////    else{y = 1357;}
 381          //      x = 1153;
 382          //      if(num == 0)y = 572;
 383          //      else if(num == 1)x = 1617,y = 353;
 384          //      else{x = 1617,y = 575;}
 385          //      if(HANDLE_PROBE_COLD_UPPER_LIMITS[num] < 10)
 386          //      {
 387          //              temp = 10 - HANDLE_PROBE_COLD_UPPER_LIMITS[num];
 388          //              DIS_FONT_C(0x5C,0xF4,1,0x04,x,y,"-");
 389          //      }
 390          //      else
 391          //      {
 392          //              temp = HANDLE_PROBE_COLD_UPPER_LIMITS[num] - 10;
 393          //              DIS_DEL_DIS(Pic_HANDLE_SETTING,x,y,x+20,y+40,x,y);
 394          //      }
 395          //      DIS_FONT_WEI_NUMBER_CM(Pic_HANDLE_SETTING,1,0x5C,0xF4,0x04,temp,2,x+20,y);
 396          //}
 397          //
 398          //void dis_handle_probe_cold_lower_limits(u8 num)
 399          //{
 400          //      u16 x,y;
 401          //      u8 temp;
 402          ////    x = 770;
 403          ////    if(num == 0)y = 941;
 404          ////    else if(num == 1)y = 1218;
 405          ////    else{y = 1495;}
 406          //      x = 1153;
 407          //      if(num == 0)y = 682;
 408          //      else if(num == 1)x = 1617,y = 465;
 409          //      else{x = 1617,y = 685;}
 410          //      if(HANDLE_PROBE_COLD_LOWER_LIMITS[num] < 10)
 411          //      {
 412          //              temp = 10 - HANDLE_PROBE_COLD_LOWER_LIMITS[num];
 413          //              DIS_FONT_C(0x5C,0xF4,1,0x04,x,y,"-");
 414          //      }
 415          //      else
 416          //      {
 417          //              temp = HANDLE_PROBE_COLD_LOWER_LIMITS[num] - 10;
 418          //              DIS_DEL_DIS(Pic_HANDLE_SETTING,x,y,x+20,y+40,x,y);
 419          //      }
 420          //      DIS_FONT_WEI_NUMBER_CM(Pic_HANDLE_SETTING,1,0x5C,0xF4,0x04,temp,2,x+20,y);
 421          //}
 422          //
 423          //
C51 COMPILER V9.00   XS_HANDLE_SETTING                                                     08/14/2024 14:33:03 PAGE 8   

 424          //
 425          //
 426          //
 427          //
 428          //
 429          //
 430          //
 431          //
 432          //
 433          //
 434          //
 435          //
 436          //
 437          //
 438          //
 439          //
 440          //
 441          //
 442          //
 443          // 
 444          // 


MODULE INFORMATION:   STATIC OVERLAYABLE
   CODE SIZE        =   ----    ----
   CONSTANT SIZE    =   ----    ----
   XDATA SIZE       =   ----    ----
   PDATA SIZE       =   ----    ----
   DATA SIZE        =   ----    ----
   IDATA SIZE       =   ----    ----
   BIT SIZE         =   ----    ----
END OF MODULE INFORMATION.


C51 COMPILATION COMPLETE.  0 WARNING(S),  0 ERROR(S)
