C51 COMPILER V9.00   XS_LOGO_FLAG                                                          08/14/2024 14:30:58 PAGE 1   


C51 COMPILER V9.00, COMPILATION OF MODULE XS_LOGO_FLAG
OBJECT MODULE PLACED IN ..\hex\XS_logo_flag.obj
COMPILER INVOKED BY: C:\Keil _C51\C51\BIN\C51.EXE ..\main\XS_logo_flag.c LARGE BROWSE INCDIR(..\user;..\common;..\displa
                    -y) DEBUG OBJECTEXTEND PRINT(.\LIST\XS_logo_flag.lst) OBJECT(..\hex\XS_logo_flag.obj)

line level    source

   1          //#include "config.h"
   2          //
   3          //const u8  MAIN_KEY_LOGO_FLAG = 9;
   4          //const u16 MAIN_LOGO_FLAG[]=
   5          //{
   6          //      440,958,160,246,         //六个界面
   7          //      440,958,250,335,
   8          //      440,958,339,424,
   9          //      440,958,429,514,
  10          //      440,958,518,603,
  11          //      440,958,608,693,
  12          //
  13          //      0, 130,  0,130,
  14          //      1775,1915,0,125,
  15          //
  16          //      1094,1221,407,479,         //flag开关
  17          //};
  18          //
  19          //void dis_logo_flag(void);
  20          //
  21          //void main_xs_logo_flag(void)
  22          //{
  23          //      u8 key;
  24          //      DIS_PICNUM(Pic_LOGO_FLAG);
  25          //      dis_logo_flag();
  26          //      do{
  27          //              delay_ms(1);
  28          //              if(KEY_YES!=0x00)
  29          //              {
  30          //                      ADS7843_KEY(); //扫描按键
  31          //                      key=KEY_FANHUI(MAIN_KEY_LOGO_FLAG,MAIN_LOGO_FLAG); 
  32          //                      switch(key)
  33          //                      {
  34          //                              case 1:  //
  35          //                                      //XIANG1();
  36          //                                      //INTERFACE = PAGE_LOGO_FLAG;
  37          //                                      //goto over_main_xs_logo_flag;
  38          //                                      break;
  39          //                              case 2:  //
  40          //                                      XIANG1();
  41          //                                      INTERFACE = PAGE_WATER_SETTING;
  42          //                                      goto over_main_xs_logo_flag;
  43          //                                      break;
  44          //                              case 3:  //
  45          //                                      XIANG1();
  46          //                                      INTERFACE = PAGE_HANDLE_SETTING;
  47          //                                      goto over_main_xs_logo_flag;
  48          //                                      break;
  49          //                              case 4:  //
  50          //                                      XIANG1();
  51          //                                      INTERFACE = PAGE_FLOW_SETTING;
  52          //                                      goto over_main_xs_logo_flag;
  53          //                                      break; 
  54          //                              case 5:  //
C51 COMPILER V9.00   XS_LOGO_FLAG                                                          08/14/2024 14:30:58 PAGE 2   

  55          //                                      XIANG1();
  56          //                                      INTERFACE = PAGE_TOTAL_TIME_SETTING;
  57          //                                      goto over_main_xs_logo_flag;
  58          //                                      break;
  59          //                              case 6:  //
  60          //                                      XIANG1();
  61          //                                      INTERFACE = PAGE_SOUND_SETTING;
  62          //                                      goto over_main_xs_logo_flag;
  63          //                                      break;
  64          //                              case 7:  //
  65          //                                      XIANG1();
  66          //                                      INTERFACE = PAGE_CHOOSE_MODE;
  67          //                                      goto over_main_xs_logo_flag;
  68          //                                      break;
  69          //                              case 8:  //
  70          //                                      if(LOGO_FLAG != 0){
  71          //                                              XIANG1();
  72          //                                              LOGO_FLAG = 0;
  73          //                                              write_logo_flag();
  74          //                                              goto over_main_xs_logo_flag;
  75          //                                      }
  76          //                                      break;
  77          //                              case 9:  //
  78          //                                      XIANG1();
  79          //                                      if(LOGO_FLAG == 0)LOGO_FLAG = 1;
  80          //                                      else{LOGO_FLAG = 0;}
  81          //                                      write_logo_flag();
  82          //                                      dis_logo_flag();
  83          //                                      break;
  84          //                      }
  85          //                      KEY_YES = 0;
  86          //              }
  87          //              
  88          //              WATER_TEMP = Get_ADC_RES_WATER_TEMP();//获取水温度
  89          //              if(WATER_TEMP != 255)
  90          //              {
  91          //                      if(WATER_TEMP >= WATER_COLD_UPPER_LIMITS)COLD_WATER_ON; //温度高了打开制冷
  92          //                      if(WATER_TEMP <= WATER_COLD_LOWER_LIMITS)COLD_WATER_OFF;//温度低了关闭制冷
  93          //              }else{COLD_WATER_OFF;}
  94          //              
  95          //              if(HANDLE_PROBE_TEMP != 255)//手柄温度
  96          //              {
  97          //                      if(HANDLE_PROBE_TEMP >= HANDLE_PROBE_COLD_UPPER_LIMITS[HANDLE_PROBE_COLE_GEAR])COLD_HANDLE_PROBE_ON;    
             -//温度高了打开制冷
  98          //                      if(HANDLE_PROBE_TEMP <= HANDLE_PROBE_COLD_LOWER_LIMITS[HANDLE_PROBE_COLE_GEAR])COLD_HANDLE_PROBE_OFF;
             -//温度低了关闭制冷
  99          //              }else{COLD_HANDLE_PROBE_OFF;}
 100          //              
 101          //      }while(1);
 102          //      over_main_xs_logo_flag:
 103          //      _nop_();
 104          //}
 105          //
 106          //void dis_logo_flag(void)
 107          //{
 108          //      u16 x,y;
 109          //      x = 1125;
 110          //      y = 425;
 111          //      DIS_DEL_DIS(Pic_LOGO_FLAG,1094,407,1221,479,1094,407);
 112          //      
 113          //      if(LOGO_FLAG == 0)DIS_FONT_C(0x5C,0xF4,2,0x04,x+10,y,"ON");
 114          //      else{DIS_FONT_C(0x5C,0xF4,3,0x04,x,y,"OFF");}
C51 COMPILER V9.00   XS_LOGO_FLAG                                                          08/14/2024 14:30:58 PAGE 3   

 115          //}
 116          //
 117          //
 118          //
 119          // 
 120          // 
 121          // 
 122          // 
 123          // 
 124          // 
 125          // 
 126          // 
 127          // 
 128          // 


MODULE INFORMATION:   STATIC OVERLAYABLE
   CODE SIZE        =   ----    ----
   CONSTANT SIZE    =   ----    ----
   XDATA SIZE       =   ----    ----
   PDATA SIZE       =   ----    ----
   DATA SIZE        =   ----    ----
   IDATA SIZE       =   ----    ----
   BIT SIZE         =   ----    ----
END OF MODULE INFORMATION.


C51 COMPILATION COMPLETE.  0 WARNING(S),  0 ERROR(S)
