C51 COMPILER V9.00   XS_WRITE_MACHINES_ID                                                  08/14/2024 14:33:04 PAGE 1   


C51 COMPILER V9.00, COMPILATION OF MODULE XS_WRITE_MACHINES_ID
OBJECT MODULE PLACED IN ..\hex\XS_write_machines_id.obj
COMPILER INVOKED BY: C:\Keil _C51\C51\BIN\C51.EXE ..\main\XS_write_machines_id.c LARGE BROWSE INCDIR(..\user;..\common;.
                    -.\display) DEBUG OBJECTEXTEND PRINT(.\LIST\XS_write_machines_id.lst) OBJECT(..\hex\XS_write_machines_id.obj)

line level    source

   1          //#include "config.h"
   2          //
   3          //const u8 code MAIN_KEY_MACH_ID = 14;
   4          //const u16  code MAIN_XY_MACH_ID[]=
   5          //{
   6          //      815,907,667,759,  //1
   7          //      914,1005,667,759, //2
   8          //      1012,1104,667,759, //3
   9          //      1111,1202,667,759, //4
  10          //
  11          //      717,808,769,861, //5
  12          //      815,907,769,861, //6
  13          //      914,1005,769,861, //7
  14          //      1012,1104,769,861, //8
  15          //      1111,1202,769,861, //9
  16          //
  17          //      717,808,667,759,        //0
  18          //      
  19          //      
  20          //      
  21          //      722,951,558,656,
  22          //      958,1198,558,657,
  23          //      
  24          //        0, 130,  0, 130,
  25          //      984,1152, 398,473,
  26          //};
  27          // 
  28          //void main_xs_write_machines_id(void)
  29          //{
  30          //      u8 key,wei,adv_psw[3],i;
  31          //      DIS_PICNUM(Pic_WRITE_MACHINES_ID); //显示高级设置页面
  32          //      read_machines_id();
  33          //      wei = 0;
  34          //      adv_psw[0] = 0;
  35          //      adv_psw[1] = 0;
  36          //      adv_psw[2] = 0;
  37          //      dis_read_machines_id();
  38          //      dis_write_machines_id(adv_psw,wei);
  39          //      do{
  40          //              delay_ms(1);
  41          //              if(KEY_YES!=0x00)
  42          //              {
  43          //                      ADS7843_KEY(); //扫描按键
  44          //                      key=KEY_FANHUI(MAIN_KEY_MACH_ID,MAIN_XY_MACH_ID); 
  45          //                      switch(key)
  46          //                      {
  47          //                              case 1://1
  48          //                                      if(wei < 3)
  49          //                                      {
  50          //                                              XIANG1();
  51          //                                              adv_psw[wei] = 1;
  52          //                                              wei++;
  53          //                                              dis_write_machines_id(adv_psw,wei);
  54          //                                      }
C51 COMPILER V9.00   XS_WRITE_MACHINES_ID                                                  08/14/2024 14:33:04 PAGE 2   

  55          //                                      break;
  56          //                              case 2://2
  57          //                                      if(wei < 3)
  58          //                                      {
  59          //                                              XIANG1();
  60          //                                              adv_psw[wei] = 2;
  61          //                                              wei++;
  62          //                                              dis_write_machines_id(adv_psw,wei);
  63          //                                      }
  64          //                                      break;
  65          //                              case 3://3
  66          //                                      if(wei < 3)
  67          //                                      {
  68          //                                              XIANG1();
  69          //                                              adv_psw[wei] = 3;
  70          //                                              wei++;
  71          //                                              dis_write_machines_id(adv_psw,wei);
  72          //                                      }
  73          //                                      break;
  74          //                              case 4://4
  75          //                                      if(wei < 3)
  76          //                                      {
  77          //                                              XIANG1();
  78          //                                              adv_psw[wei] = 4;
  79          //                                              wei++;
  80          //                                              dis_write_machines_id(adv_psw,wei);
  81          //                                      }
  82          //                                      break;
  83          //                              case 5://5
  84          //                                      if(wei < 3)
  85          //                                      {
  86          //                                              XIANG1();
  87          //                                              adv_psw[wei] = 5;
  88          //                                              wei++;
  89          //                                              dis_write_machines_id(adv_psw,wei);
  90          //                                      }
  91          //                                      break;
  92          //                              case 6://6
  93          //                                      if(wei < 3)
  94          //                                      {
  95          //                                              XIANG1();
  96          //                                              adv_psw[wei] = 6;
  97          //                                              wei++;
  98          //                                              dis_write_machines_id(adv_psw,wei);
  99          //                                      }
 100          //                                      break;
 101          //                              case 7://7
 102          //                                      if(wei < 3)
 103          //                                      {
 104          //                                              XIANG1();
 105          //                                              adv_psw[wei] = 7;
 106          //                                              wei++;
 107          //                                              dis_write_machines_id(adv_psw,wei);
 108          //                                      }
 109          //                                      break;
 110          //                              case 8://8
 111          //                                      if(wei < 3)
 112          //                                      {
 113          //                                              XIANG1();
 114          //                                              adv_psw[wei] = 8;
 115          //                                              wei++;
 116          //                                              dis_write_machines_id(adv_psw,wei);
C51 COMPILER V9.00   XS_WRITE_MACHINES_ID                                                  08/14/2024 14:33:04 PAGE 3   

 117          //                                      }
 118          //                                      break;
 119          //                              case 9://9
 120          //                                      if(wei < 3)
 121          //                                      {
 122          //                                              XIANG1();
 123          //                                              adv_psw[wei] = 9;
 124          //                                              wei++;
 125          //                                              dis_write_machines_id(adv_psw,wei);
 126          //                                      }
 127          //                                      break;
 128          //                              case 10://0
 129          //                                      if(wei < 3)
 130          //                                      {
 131          //                                              XIANG1();
 132          //                                              adv_psw[wei] = 0;
 133          //                                              wei++;
 134          //                                              dis_write_machines_id(adv_psw,wei);
 135          //                                      }
 136          //                                      break;
 137          //                              case 11://读
 138          //                                      XIANG1();
 139          //                                read_machines_id();
 140          //                                      dis_read_machines_id();
 141          //                                      break;
 142          //                              case 12://写
 143          //                                      XIANG1();
 144          //                                      MACHINES_ID = 0;
 145          //                                      for(i=0;i<wei;i++)MACHINES_ID = 10*MACHINES_ID + adv_psw[i];
 146          //                                      write_machines_id();
 147          //                                      delay_ms(100);
 148          //                                      read_machines_id();
 149          //                                      dis_read_machines_id();
 150          //                                      wei = 0;
 151          //                                      adv_psw[0] = 0;
 152          //                                      adv_psw[1] = 0;
 153          //                                      adv_psw[2] = 0;
 154          //                                      break;
 155          //                              case 13:// 返回
 156          //                                      XIANG1();
 157          //                                      INTERFACE = PAGE_CHOOSE_MODE;
 158          //                                      goto over_main_xs_write_machines_id;
 159          //                                      break;
 160          //                              case 14:
 161          //                                      XIANG1();
 162          //                                      wei = 0;
 163          //                                      adv_psw[0] = 0;
 164          //                                      adv_psw[1] = 0;
 165          //                                      adv_psw[2] = 0;
 166          //                                      dis_write_machines_id(adv_psw,wei);
 167          //                                      break;
 168          //                      }
 169          //                      KEY_YES = 0;
 170          //    }
 171          //              
 172          //              WATER_TEMP = Get_ADC_RES_WATER_TEMP();//获取水温度
 173          //              if(WATER_TEMP != 255)
 174          //              {
 175          //                      if(WATER_TEMP >= WATER_COLD_UPPER_LIMITS)COLD_WATER_ON; //温度高了打开制冷
 176          //                      if(WATER_TEMP <= WATER_COLD_LOWER_LIMITS)COLD_WATER_OFF;//温度低了关闭制冷
 177          //              }else{COLD_WATER_OFF;}
 178          //              
C51 COMPILER V9.00   XS_WRITE_MACHINES_ID                                                  08/14/2024 14:33:04 PAGE 4   

 179          //              if(HANDLE_PROBE_TEMP != 255)//手柄温度
 180          //              {
 181          //                      if(HANDLE_PROBE_TEMP >= HANDLE_PROBE_COLD_UPPER_LIMITS[HANDLE_PROBE_COLE_GEAR])COLD_HANDLE_PROBE_ON;    
             -//温度高了打开制冷
 182          //                      if(HANDLE_PROBE_TEMP <= HANDLE_PROBE_COLD_LOWER_LIMITS[HANDLE_PROBE_COLE_GEAR])COLD_HANDLE_PROBE_OFF;
             -//温度低了关闭制冷
 183          //              }else{COLD_HANDLE_PROBE_OFF;}
 184          //              
 185          //      }while(1);
 186          //      over_main_xs_write_machines_id:
 187          //      _nop_();
 188          //}
 189          //
 190          //void dis_read_machines_id(void)
 191          //{
 192          //      DIS_FONT_WEI_NUMBER_CM(Pic_WRITE_MACHINES_ID,1,0x5C,0xF4,0x04,MACHINES_ID,3,818,417);
 193          //}
 194          //
 195          //void dis_write_machines_id(u8 (*adv_psw),u8 wei)
 196          //{
 197          //      u8 i,dat;
 198          //      dat = 0;
 199          //      for(i=0;i<wei;i++)dat = 10*dat + adv_psw[i];
 200          //      DIS_FONT_WEI_NUMBER_CM(Pic_WRITE_MACHINES_ID,1,0x5C,0xF4,0x04,dat,3,1038,417);
 201          //}
 202          //
 203          //
 204          //
 205          //
 206          // 
 207          // 
 208          // 
 209          // 
 210          // 
 211          // 
 212          // 
 213          // 
 214          // 


MODULE INFORMATION:   STATIC OVERLAYABLE
   CODE SIZE        =   ----    ----
   CONSTANT SIZE    =   ----    ----
   XDATA SIZE       =   ----    ----
   PDATA SIZE       =   ----    ----
   DATA SIZE        =   ----    ----
   IDATA SIZE       =   ----    ----
   BIT SIZE         =   ----    ----
END OF MODULE INFORMATION.


C51 COMPILATION COMPLETE.  0 WARNING(S),  0 ERROR(S)
